last line line:
found rem for lasca_ctcf at 5000
maxCount
maxFrac
last line line: 64975 0.00480562020515473
found rem for lasca at 5000
maxCount 64975
maxFrac 0.00480562020515473
last line line: 64975 0.00480562020515473
found rem for lasca at 5000
maxCount 64975
maxFrac 0.00480562020515473
last line line: 64975 0.00480562020515473
found rem for lasca at 5000
maxCount 64975
maxFrac 0.00480562020515473
last line line: 64975 0.00480562020515473
found rem for lasca at 5000
maxCount 64975
maxFrac 0.00480562020515473
last line line: 64975 0.00480562020515473
found rem for lasca at 5000
maxCount 64975
maxFrac 0.00480562020515473
last line line: 64975 0.00480562020515473
found rem for lasca at 5000
maxCount 64975
maxFrac 0.00480562020515473
last line line: 64975 0.00480562020515473
found rem for lasca at 5000
maxCount 64975
maxFrac 0.00480562020515473
last line line: 64975 0.00480562020515473
found rem for lasca at 5000
maxCount 64975
maxFrac 0.00480562020515473
last line line: 64975 0.00480562020515473
found rem for lasca at 5000
maxCount 64975
maxFrac 0.00480562020515473
