last line line:
found rem for lasca_h3k27ac at 5000
maxCount
maxFrac
last line line: 64975 0.0176951850649905
found rem for lasca at 5000
maxCount 64975
maxFrac 0.0176951850649905
last line line: 64975 0.0176951850649905
found rem for lasca at 5000
maxCount 64975
maxFrac 0.0176951850649905
last line line: 64975 0.0176951850649905
found rem for lasca at 5000
maxCount 64975
maxFrac 0.0176951850649905
last line line: 64975 0.0176951850649905
found rem for lasca at 5000
maxCount 64975
maxFrac 0.0176951850649905
last line line: 64975 0.0176951850649905
found rem for lasca at 5000
maxCount 64975
maxFrac 0.0176951850649905
last line line: 64975 0.0176951850649905
found rem for lasca at 5000
maxCount 64975
maxFrac 0.0176951850649905
last line line: 64975 0.0176951850649905
found rem for lasca at 5000
maxCount 64975
maxFrac 0.0176951850649905
last line line: 64975 0.0176951850649905
found rem for lasca at 5000
maxCount 64975
maxFrac 0.0176951850649905
last line line: 64975 0.0176951850649905
found rem for lasca at 5000
maxCount 64975
maxFrac 0.0176951850649905
