last line line:
found rem for lasca_rnapii at 5000
maxCount
maxFrac
last line line: 64975 0.00589449747164956
found rem for lasca at 5000
maxCount 64975
maxFrac 0.00589449747164956
last line line: 64975 0.00589449747164956
found rem for lasca at 5000
maxCount 64975
maxFrac 0.00589449747164956
last line line: 64975 0.00589449747164956
found rem for lasca at 5000
maxCount 64975
maxFrac 0.00589449747164956
last line line: 64975 0.00589449747164956
found rem for lasca at 5000
maxCount 64975
maxFrac 0.00589449747164956
last line line: 64975 0.00589449747164956
found rem for lasca at 5000
maxCount 64975
maxFrac 0.00589449747164956
last line line: 64975 0.00589449747164956
found rem for lasca at 5000
maxCount 64975
maxFrac 0.00589449747164956
last line line: 64975 0.00589449747164956
found rem for lasca at 5000
maxCount 64975
maxFrac 0.00589449747164956
last line line: 64975 0.00589449747164956
found rem for lasca at 5000
maxCount 64975
maxFrac 0.00589449747164956
last line line: 64975 0.00589449747164956
found rem for lasca at 5000
maxCount 64975
maxFrac 0.00589449747164956
