INFO [2024-05-01 10:03:35] [[1]]
INFO [2024-05-01 10:03:35] Ov_Idx_MergedRef
INFO [2024-05-01 10:03:35] 
INFO [2024-05-01 10:03:35] $filename
INFO [2024-05-01 10:03:35] NULL
INFO [2024-05-01 10:03:35] 
INFO [2024-05-01 10:03:35] $imagetype
INFO [2024-05-01 10:03:35] [1] "png"
INFO [2024-05-01 10:03:35] 
INFO [2024-05-01 10:03:35] $width
INFO [2024-05-01 10:03:35] width_val
INFO [2024-05-01 10:03:35] 
INFO [2024-05-01 10:03:35] $height
INFO [2024-05-01 10:03:35] height_val
INFO [2024-05-01 10:03:35] 
INFO [2024-05-01 10:03:35] $category.names
INFO [2024-05-01 10:03:35] InpLabels
INFO [2024-05-01 10:03:35] 
INFO [2024-05-01 10:03:35] $print.mode
INFO [2024-05-01 10:03:35] c("raw", "percent")
INFO [2024-05-01 10:03:35] 
INFO [2024-05-01 10:03:35] $fill
INFO [2024-05-01 10:03:35] fillcolors[1:length(InpFileList)]
INFO [2024-05-01 10:03:35] 
INFO [2024-05-01 10:03:35] $sigdigs
INFO [2024-05-01 10:03:35] [1] 3
INFO [2024-05-01 10:03:35] 
INFO [2024-05-01 10:03:35] $euler.d
INFO [2024-05-01 10:03:35] [1] FALSE
INFO [2024-05-01 10:03:35] 
INFO [2024-05-01 10:03:35] $scaled
INFO [2024-05-01 10:03:35] [1] FALSE
INFO [2024-05-01 10:03:35] 
INFO [2024-05-01 10:03:35] $cat.cex
INFO [2024-05-01 10:03:35] rep(0.8, length(InpFileList))
INFO [2024-05-01 10:03:35] 
