INFO [2024-05-01 10:04:29] [[1]]
INFO [2024-05-01 10:04:29] Ov_Idx_MergedRef
INFO [2024-05-01 10:04:29] 
INFO [2024-05-01 10:04:29] $filename
INFO [2024-05-01 10:04:29] NULL
INFO [2024-05-01 10:04:29] 
INFO [2024-05-01 10:04:29] $imagetype
INFO [2024-05-01 10:04:29] [1] "png"
INFO [2024-05-01 10:04:29] 
INFO [2024-05-01 10:04:29] $width
INFO [2024-05-01 10:04:29] width_val
INFO [2024-05-01 10:04:29] 
INFO [2024-05-01 10:04:29] $height
INFO [2024-05-01 10:04:29] height_val
INFO [2024-05-01 10:04:29] 
INFO [2024-05-01 10:04:29] $category.names
INFO [2024-05-01 10:04:29] InpLabels
INFO [2024-05-01 10:04:29] 
INFO [2024-05-01 10:04:29] $print.mode
INFO [2024-05-01 10:04:29] c("raw", "percent")
INFO [2024-05-01 10:04:29] 
INFO [2024-05-01 10:04:29] $fill
INFO [2024-05-01 10:04:29] fillcolors[1:length(InpFileList)]
INFO [2024-05-01 10:04:29] 
INFO [2024-05-01 10:04:29] $sigdigs
INFO [2024-05-01 10:04:29] [1] 3
INFO [2024-05-01 10:04:29] 
INFO [2024-05-01 10:04:29] $euler.d
INFO [2024-05-01 10:04:29] [1] FALSE
INFO [2024-05-01 10:04:29] 
INFO [2024-05-01 10:04:29] $scaled
INFO [2024-05-01 10:04:29] [1] FALSE
INFO [2024-05-01 10:04:29] 
INFO [2024-05-01 10:04:29] $cat.cex
INFO [2024-05-01 10:04:29] rep(0.8, length(InpFileList))
INFO [2024-05-01 10:04:29] 
