INFO [2024-05-01 09:58:12] [[1]]
INFO [2024-05-01 09:58:12] Ov_Idx_MergedRef
INFO [2024-05-01 09:58:12] 
INFO [2024-05-01 09:58:12] $filename
INFO [2024-05-01 09:58:12] NULL
INFO [2024-05-01 09:58:12] 
INFO [2024-05-01 09:58:12] $imagetype
INFO [2024-05-01 09:58:12] [1] "png"
INFO [2024-05-01 09:58:12] 
INFO [2024-05-01 09:58:12] $width
INFO [2024-05-01 09:58:12] width_val
INFO [2024-05-01 09:58:12] 
INFO [2024-05-01 09:58:12] $height
INFO [2024-05-01 09:58:12] height_val
INFO [2024-05-01 09:58:12] 
INFO [2024-05-01 09:58:12] $category.names
INFO [2024-05-01 09:58:12] InpLabels
INFO [2024-05-01 09:58:12] 
INFO [2024-05-01 09:58:12] $print.mode
INFO [2024-05-01 09:58:12] c("raw", "percent")
INFO [2024-05-01 09:58:12] 
INFO [2024-05-01 09:58:12] $fill
INFO [2024-05-01 09:58:12] fillcolors[1:length(InpFileList)]
INFO [2024-05-01 09:58:12] 
INFO [2024-05-01 09:58:12] $sigdigs
INFO [2024-05-01 09:58:12] [1] 3
INFO [2024-05-01 09:58:12] 
INFO [2024-05-01 09:58:12] $euler.d
INFO [2024-05-01 09:58:12] [1] FALSE
INFO [2024-05-01 09:58:12] 
INFO [2024-05-01 09:58:12] $scaled
INFO [2024-05-01 09:58:12] [1] FALSE
INFO [2024-05-01 09:58:12] 
INFO [2024-05-01 09:58:12] $cat.cex
INFO [2024-05-01 09:58:12] rep(0.8, length(InpFileList))
INFO [2024-05-01 09:58:12] 
