INFO [2024-05-01 09:34:58] [[1]]
INFO [2024-05-01 09:34:58] Ov_Idx_MergedRef
INFO [2024-05-01 09:34:58] 
INFO [2024-05-01 09:34:58] [[2]]
INFO [2024-05-01 09:34:58] vennPlotFile
INFO [2024-05-01 09:34:58] 
INFO [2024-05-01 09:34:58] $imagetype
INFO [2024-05-01 09:34:58] [1] "png"
INFO [2024-05-01 09:34:58] 
INFO [2024-05-01 09:34:58] $width
INFO [2024-05-01 09:34:58] width_val
INFO [2024-05-01 09:34:58] 
INFO [2024-05-01 09:34:58] $height
INFO [2024-05-01 09:34:58] height_val
INFO [2024-05-01 09:34:58] 
INFO [2024-05-01 09:34:58] $category.names
INFO [2024-05-01 09:34:58] InpLabels
INFO [2024-05-01 09:34:58] 
INFO [2024-05-01 09:34:58] $print.mode
INFO [2024-05-01 09:34:58] c("raw", "percent")
INFO [2024-05-01 09:34:58] 
INFO [2024-05-01 09:34:58] $fill
INFO [2024-05-01 09:34:58] fillcolors[1:length(InpFileList)]
INFO [2024-05-01 09:34:58] 
INFO [2024-05-01 09:34:58] $sigdigs
INFO [2024-05-01 09:34:58] [1] 3
INFO [2024-05-01 09:34:58] 
INFO [2024-05-01 09:34:58] $euler.d
INFO [2024-05-01 09:34:58] [1] FALSE
INFO [2024-05-01 09:34:58] 
INFO [2024-05-01 09:34:58] $scaled
INFO [2024-05-01 09:34:58] [1] FALSE
INFO [2024-05-01 09:34:58] 
INFO [2024-05-01 09:34:58] $cat.cex
INFO [2024-05-01 09:34:58] rep(0.8, length(InpFileList))
INFO [2024-05-01 09:34:58] 
