INFO [2024-05-01 10:18:16] [[1]]
INFO [2024-05-01 10:18:16] Ov_Idx_MergedRef
INFO [2024-05-01 10:18:16] 
INFO [2024-05-01 10:18:16] [[2]]
INFO [2024-05-01 10:18:16] vennPlotFile
INFO [2024-05-01 10:18:16] 
INFO [2024-05-01 10:18:16] $imagetype
INFO [2024-05-01 10:18:16] [1] "png"
INFO [2024-05-01 10:18:16] 
INFO [2024-05-01 10:18:16] $width
INFO [2024-05-01 10:18:16] width_val
INFO [2024-05-01 10:18:16] 
INFO [2024-05-01 10:18:16] $height
INFO [2024-05-01 10:18:16] height_val
INFO [2024-05-01 10:18:16] 
INFO [2024-05-01 10:18:16] $category.names
INFO [2024-05-01 10:18:16] InpLabels
INFO [2024-05-01 10:18:16] 
INFO [2024-05-01 10:18:16] $print.mode
INFO [2024-05-01 10:18:16] c("raw", "percent")
INFO [2024-05-01 10:18:16] 
INFO [2024-05-01 10:18:16] $fill
INFO [2024-05-01 10:18:16] fillcolors[1:length(InpFileList)]
INFO [2024-05-01 10:18:16] 
INFO [2024-05-01 10:18:16] $sigdigs
INFO [2024-05-01 10:18:16] [1] 3
INFO [2024-05-01 10:18:16] 
INFO [2024-05-01 10:18:16] $euler.d
INFO [2024-05-01 10:18:16] [1] FALSE
INFO [2024-05-01 10:18:16] 
INFO [2024-05-01 10:18:16] $scaled
INFO [2024-05-01 10:18:16] [1] FALSE
INFO [2024-05-01 10:18:16] 
INFO [2024-05-01 10:18:16] $cat.cex
INFO [2024-05-01 10:18:16] rep(0.8, length(InpFileList))
INFO [2024-05-01 10:18:16] 
