INFO [2024-05-01 10:16:23] [[1]]
INFO [2024-05-01 10:16:23] Ov_Idx_MergedRef
INFO [2024-05-01 10:16:23] 
INFO [2024-05-01 10:16:23] [[2]]
INFO [2024-05-01 10:16:23] vennPlotFile
INFO [2024-05-01 10:16:23] 
INFO [2024-05-01 10:16:23] $imagetype
INFO [2024-05-01 10:16:23] [1] "png"
INFO [2024-05-01 10:16:23] 
INFO [2024-05-01 10:16:23] $width
INFO [2024-05-01 10:16:23] width_val
INFO [2024-05-01 10:16:23] 
INFO [2024-05-01 10:16:23] $height
INFO [2024-05-01 10:16:23] height_val
INFO [2024-05-01 10:16:23] 
INFO [2024-05-01 10:16:23] $category.names
INFO [2024-05-01 10:16:23] InpLabels
INFO [2024-05-01 10:16:23] 
INFO [2024-05-01 10:16:23] $print.mode
INFO [2024-05-01 10:16:23] c("raw", "percent")
INFO [2024-05-01 10:16:23] 
INFO [2024-05-01 10:16:23] $fill
INFO [2024-05-01 10:16:23] fillcolors[1:length(InpFileList)]
INFO [2024-05-01 10:16:23] 
INFO [2024-05-01 10:16:23] $sigdigs
INFO [2024-05-01 10:16:23] [1] 3
INFO [2024-05-01 10:16:23] 
INFO [2024-05-01 10:16:23] $euler.d
INFO [2024-05-01 10:16:23] [1] FALSE
INFO [2024-05-01 10:16:23] 
INFO [2024-05-01 10:16:23] $scaled
INFO [2024-05-01 10:16:23] [1] FALSE
INFO [2024-05-01 10:16:23] 
INFO [2024-05-01 10:16:23] $cat.cex
INFO [2024-05-01 10:16:23] rep(0.8, length(InpFileList))
INFO [2024-05-01 10:16:23] 
