INFO [2024-05-01 09:18:28] [[1]]
INFO [2024-05-01 09:18:28] Ov_Idx_MergedRef
INFO [2024-05-01 09:18:28] 
INFO [2024-05-01 09:18:28] [[2]]
INFO [2024-05-01 09:18:28] vennPlotFile
INFO [2024-05-01 09:18:28] 
INFO [2024-05-01 09:18:28] $imagetype
INFO [2024-05-01 09:18:28] [1] "png"
INFO [2024-05-01 09:18:28] 
INFO [2024-05-01 09:18:28] $width
INFO [2024-05-01 09:18:28] width_val
INFO [2024-05-01 09:18:28] 
INFO [2024-05-01 09:18:28] $height
INFO [2024-05-01 09:18:28] height_val
INFO [2024-05-01 09:18:28] 
INFO [2024-05-01 09:18:28] $category.names
INFO [2024-05-01 09:18:28] InpLabels
INFO [2024-05-01 09:18:28] 
INFO [2024-05-01 09:18:28] $print.mode
INFO [2024-05-01 09:18:28] c("raw", "percent")
INFO [2024-05-01 09:18:28] 
INFO [2024-05-01 09:18:28] $fill
INFO [2024-05-01 09:18:28] fillcolors[1:length(InpFileList)]
INFO [2024-05-01 09:18:28] 
INFO [2024-05-01 09:18:28] $sigdigs
INFO [2024-05-01 09:18:28] [1] 3
INFO [2024-05-01 09:18:28] 
INFO [2024-05-01 09:18:28] $euler.d
INFO [2024-05-01 09:18:28] [1] FALSE
INFO [2024-05-01 09:18:28] 
INFO [2024-05-01 09:18:28] $scaled
INFO [2024-05-01 09:18:28] [1] FALSE
INFO [2024-05-01 09:18:28] 
INFO [2024-05-01 09:18:28] $cat.cex
INFO [2024-05-01 09:18:28] rep(0.8, length(InpFileList))
INFO [2024-05-01 09:18:28] 
