INFO [2024-05-01 09:24:27] [[1]]
INFO [2024-05-01 09:24:27] Ov_Idx_MergedRef
INFO [2024-05-01 09:24:27] 
INFO [2024-05-01 09:24:27] [[2]]
INFO [2024-05-01 09:24:27] vennPlotFile
INFO [2024-05-01 09:24:27] 
INFO [2024-05-01 09:24:27] $imagetype
INFO [2024-05-01 09:24:27] [1] "png"
INFO [2024-05-01 09:24:27] 
INFO [2024-05-01 09:24:27] $width
INFO [2024-05-01 09:24:27] width_val
INFO [2024-05-01 09:24:27] 
INFO [2024-05-01 09:24:27] $height
INFO [2024-05-01 09:24:27] height_val
INFO [2024-05-01 09:24:27] 
INFO [2024-05-01 09:24:27] $category.names
INFO [2024-05-01 09:24:27] InpLabels
INFO [2024-05-01 09:24:27] 
INFO [2024-05-01 09:24:27] $print.mode
INFO [2024-05-01 09:24:27] c("raw", "percent")
INFO [2024-05-01 09:24:27] 
INFO [2024-05-01 09:24:27] $fill
INFO [2024-05-01 09:24:27] fillcolors[1:length(InpFileList)]
INFO [2024-05-01 09:24:27] 
INFO [2024-05-01 09:24:27] $sigdigs
INFO [2024-05-01 09:24:27] [1] 3
INFO [2024-05-01 09:24:27] 
INFO [2024-05-01 09:24:27] $euler.d
INFO [2024-05-01 09:24:27] [1] FALSE
INFO [2024-05-01 09:24:27] 
INFO [2024-05-01 09:24:27] $scaled
INFO [2024-05-01 09:24:27] [1] FALSE
INFO [2024-05-01 09:24:27] 
INFO [2024-05-01 09:24:27] $cat.cex
INFO [2024-05-01 09:24:27] rep(0.8, length(InpFileList))
INFO [2024-05-01 09:24:27] 
