INFO [2024-05-01 09:58:11] [[1]]
INFO [2024-05-01 09:58:11] Ov_Idx_MergedRef
INFO [2024-05-01 09:58:11] 
INFO [2024-05-01 09:58:11] [[2]]
INFO [2024-05-01 09:58:11] vennPlotFile
INFO [2024-05-01 09:58:11] 
INFO [2024-05-01 09:58:11] $imagetype
INFO [2024-05-01 09:58:11] [1] "png"
INFO [2024-05-01 09:58:11] 
INFO [2024-05-01 09:58:11] $width
INFO [2024-05-01 09:58:11] width_val
INFO [2024-05-01 09:58:11] 
INFO [2024-05-01 09:58:11] $height
INFO [2024-05-01 09:58:11] height_val
INFO [2024-05-01 09:58:11] 
INFO [2024-05-01 09:58:11] $category.names
INFO [2024-05-01 09:58:11] InpLabels
INFO [2024-05-01 09:58:11] 
INFO [2024-05-01 09:58:11] $print.mode
INFO [2024-05-01 09:58:11] c("raw", "percent")
INFO [2024-05-01 09:58:11] 
INFO [2024-05-01 09:58:11] $fill
INFO [2024-05-01 09:58:11] fillcolors[1:length(InpFileList)]
INFO [2024-05-01 09:58:11] 
INFO [2024-05-01 09:58:11] $sigdigs
INFO [2024-05-01 09:58:11] [1] 3
INFO [2024-05-01 09:58:11] 
INFO [2024-05-01 09:58:11] $euler.d
INFO [2024-05-01 09:58:11] [1] FALSE
INFO [2024-05-01 09:58:11] 
INFO [2024-05-01 09:58:11] $scaled
INFO [2024-05-01 09:58:11] [1] FALSE
INFO [2024-05-01 09:58:11] 
INFO [2024-05-01 09:58:11] $cat.cex
INFO [2024-05-01 09:58:11] rep(0.8, length(InpFileList))
INFO [2024-05-01 09:58:11] 
