INFO [2024-05-01 09:20:19] [[1]]
INFO [2024-05-01 09:20:19] Ov_Idx_MergedRef
INFO [2024-05-01 09:20:19] 
INFO [2024-05-01 09:20:19] [[2]]
INFO [2024-05-01 09:20:19] vennPlotFile
INFO [2024-05-01 09:20:19] 
INFO [2024-05-01 09:20:19] $imagetype
INFO [2024-05-01 09:20:19] [1] "png"
INFO [2024-05-01 09:20:19] 
INFO [2024-05-01 09:20:19] $width
INFO [2024-05-01 09:20:19] width_val
INFO [2024-05-01 09:20:19] 
INFO [2024-05-01 09:20:19] $height
INFO [2024-05-01 09:20:19] height_val
INFO [2024-05-01 09:20:19] 
INFO [2024-05-01 09:20:19] $category.names
INFO [2024-05-01 09:20:19] InpLabels
INFO [2024-05-01 09:20:19] 
INFO [2024-05-01 09:20:19] $print.mode
INFO [2024-05-01 09:20:19] c("raw", "percent")
INFO [2024-05-01 09:20:19] 
INFO [2024-05-01 09:20:19] $fill
INFO [2024-05-01 09:20:19] fillcolors[1:length(InpFileList)]
INFO [2024-05-01 09:20:19] 
INFO [2024-05-01 09:20:19] $sigdigs
INFO [2024-05-01 09:20:19] [1] 3
INFO [2024-05-01 09:20:19] 
INFO [2024-05-01 09:20:19] $euler.d
INFO [2024-05-01 09:20:19] [1] FALSE
INFO [2024-05-01 09:20:19] 
INFO [2024-05-01 09:20:19] $scaled
INFO [2024-05-01 09:20:19] [1] FALSE
INFO [2024-05-01 09:20:19] 
INFO [2024-05-01 09:20:19] $cat.cex
INFO [2024-05-01 09:20:19] rep(0.8, length(InpFileList))
INFO [2024-05-01 09:20:19] 
