INFO [2024-05-01 10:13:05] [[1]]
INFO [2024-05-01 10:13:05] Ov_Idx_MergedRef
INFO [2024-05-01 10:13:05] 
INFO [2024-05-01 10:13:05] [[2]]
INFO [2024-05-01 10:13:05] vennPlotFile
INFO [2024-05-01 10:13:05] 
INFO [2024-05-01 10:13:05] $imagetype
INFO [2024-05-01 10:13:05] [1] "png"
INFO [2024-05-01 10:13:05] 
INFO [2024-05-01 10:13:05] $width
INFO [2024-05-01 10:13:05] width_val
INFO [2024-05-01 10:13:05] 
INFO [2024-05-01 10:13:05] $height
INFO [2024-05-01 10:13:05] height_val
INFO [2024-05-01 10:13:05] 
INFO [2024-05-01 10:13:05] $category.names
INFO [2024-05-01 10:13:05] InpLabels
INFO [2024-05-01 10:13:05] 
INFO [2024-05-01 10:13:05] $print.mode
INFO [2024-05-01 10:13:05] c("raw", "percent")
INFO [2024-05-01 10:13:05] 
INFO [2024-05-01 10:13:05] $fill
INFO [2024-05-01 10:13:05] fillcolors[1:length(InpFileList)]
INFO [2024-05-01 10:13:05] 
INFO [2024-05-01 10:13:05] $sigdigs
INFO [2024-05-01 10:13:05] [1] 3
INFO [2024-05-01 10:13:05] 
INFO [2024-05-01 10:13:05] $euler.d
INFO [2024-05-01 10:13:05] [1] FALSE
INFO [2024-05-01 10:13:05] 
INFO [2024-05-01 10:13:05] $scaled
INFO [2024-05-01 10:13:05] [1] FALSE
INFO [2024-05-01 10:13:05] 
INFO [2024-05-01 10:13:05] $cat.cex
INFO [2024-05-01 10:13:05] rep(0.8, length(InpFileList))
INFO [2024-05-01 10:13:05] 
