INFO [2024-05-01 09:16:37] [[1]]
INFO [2024-05-01 09:16:37] Ov_Idx_MergedRef
INFO [2024-05-01 09:16:37] 
INFO [2024-05-01 09:16:37] [[2]]
INFO [2024-05-01 09:16:37] vennPlotFile
INFO [2024-05-01 09:16:37] 
INFO [2024-05-01 09:16:37] $imagetype
INFO [2024-05-01 09:16:37] [1] "png"
INFO [2024-05-01 09:16:37] 
INFO [2024-05-01 09:16:37] $width
INFO [2024-05-01 09:16:37] width_val
INFO [2024-05-01 09:16:37] 
INFO [2024-05-01 09:16:37] $height
INFO [2024-05-01 09:16:37] height_val
INFO [2024-05-01 09:16:37] 
INFO [2024-05-01 09:16:37] $category.names
INFO [2024-05-01 09:16:37] InpLabels
INFO [2024-05-01 09:16:37] 
INFO [2024-05-01 09:16:37] $print.mode
INFO [2024-05-01 09:16:37] c("raw", "percent")
INFO [2024-05-01 09:16:37] 
INFO [2024-05-01 09:16:37] $fill
INFO [2024-05-01 09:16:37] fillcolors[1:length(InpFileList)]
INFO [2024-05-01 09:16:37] 
INFO [2024-05-01 09:16:37] $sigdigs
INFO [2024-05-01 09:16:37] [1] 3
INFO [2024-05-01 09:16:37] 
INFO [2024-05-01 09:16:37] $euler.d
INFO [2024-05-01 09:16:37] [1] FALSE
INFO [2024-05-01 09:16:37] 
INFO [2024-05-01 09:16:37] $scaled
INFO [2024-05-01 09:16:37] [1] FALSE
INFO [2024-05-01 09:16:37] 
INFO [2024-05-01 09:16:37] $cat.cex
INFO [2024-05-01 09:16:37] rep(0.8, length(InpFileList))
INFO [2024-05-01 09:16:37] 
