INFO [2024-05-01 09:23:47] [[1]]
INFO [2024-05-01 09:23:47] Ov_Idx_MergedRef
INFO [2024-05-01 09:23:47] 
INFO [2024-05-01 09:23:47] [[2]]
INFO [2024-05-01 09:23:47] vennPlotFile
INFO [2024-05-01 09:23:47] 
INFO [2024-05-01 09:23:47] $imagetype
INFO [2024-05-01 09:23:47] [1] "png"
INFO [2024-05-01 09:23:47] 
INFO [2024-05-01 09:23:47] $width
INFO [2024-05-01 09:23:47] width_val
INFO [2024-05-01 09:23:47] 
INFO [2024-05-01 09:23:47] $height
INFO [2024-05-01 09:23:47] height_val
INFO [2024-05-01 09:23:47] 
INFO [2024-05-01 09:23:47] $category.names
INFO [2024-05-01 09:23:47] InpLabels
INFO [2024-05-01 09:23:47] 
INFO [2024-05-01 09:23:47] $print.mode
INFO [2024-05-01 09:23:47] c("raw", "percent")
INFO [2024-05-01 09:23:47] 
INFO [2024-05-01 09:23:47] $fill
INFO [2024-05-01 09:23:47] fillcolors[1:length(InpFileList)]
INFO [2024-05-01 09:23:47] 
INFO [2024-05-01 09:23:47] $sigdigs
INFO [2024-05-01 09:23:47] [1] 3
INFO [2024-05-01 09:23:47] 
INFO [2024-05-01 09:23:47] $euler.d
INFO [2024-05-01 09:23:47] [1] FALSE
INFO [2024-05-01 09:23:47] 
INFO [2024-05-01 09:23:47] $scaled
INFO [2024-05-01 09:23:47] [1] FALSE
INFO [2024-05-01 09:23:47] 
INFO [2024-05-01 09:23:47] $cat.cex
INFO [2024-05-01 09:23:47] rep(0.8, length(InpFileList))
INFO [2024-05-01 09:23:47] 
