INFO [2024-05-01 10:03:34] [[1]]
INFO [2024-05-01 10:03:34] Ov_Idx_MergedRef
INFO [2024-05-01 10:03:34] 
INFO [2024-05-01 10:03:34] [[2]]
INFO [2024-05-01 10:03:34] vennPlotFile
INFO [2024-05-01 10:03:34] 
INFO [2024-05-01 10:03:34] $imagetype
INFO [2024-05-01 10:03:34] [1] "png"
INFO [2024-05-01 10:03:34] 
INFO [2024-05-01 10:03:34] $width
INFO [2024-05-01 10:03:34] width_val
INFO [2024-05-01 10:03:34] 
INFO [2024-05-01 10:03:34] $height
INFO [2024-05-01 10:03:34] height_val
INFO [2024-05-01 10:03:34] 
INFO [2024-05-01 10:03:34] $category.names
INFO [2024-05-01 10:03:34] InpLabels
INFO [2024-05-01 10:03:34] 
INFO [2024-05-01 10:03:34] $print.mode
INFO [2024-05-01 10:03:34] c("raw", "percent")
INFO [2024-05-01 10:03:34] 
INFO [2024-05-01 10:03:34] $fill
INFO [2024-05-01 10:03:34] fillcolors[1:length(InpFileList)]
INFO [2024-05-01 10:03:34] 
INFO [2024-05-01 10:03:34] $sigdigs
INFO [2024-05-01 10:03:34] [1] 3
INFO [2024-05-01 10:03:34] 
INFO [2024-05-01 10:03:34] $euler.d
INFO [2024-05-01 10:03:34] [1] FALSE
INFO [2024-05-01 10:03:34] 
INFO [2024-05-01 10:03:34] $scaled
INFO [2024-05-01 10:03:34] [1] FALSE
INFO [2024-05-01 10:03:34] 
INFO [2024-05-01 10:03:34] $cat.cex
INFO [2024-05-01 10:03:34] rep(0.8, length(InpFileList))
INFO [2024-05-01 10:03:34] 
