INFO [2024-05-01 09:55:45] [[1]]
INFO [2024-05-01 09:55:45] Ov_Idx_MergedRef
INFO [2024-05-01 09:55:45] 
INFO [2024-05-01 09:55:45] [[2]]
INFO [2024-05-01 09:55:45] vennPlotFile
INFO [2024-05-01 09:55:45] 
INFO [2024-05-01 09:55:45] $imagetype
INFO [2024-05-01 09:55:45] [1] "png"
INFO [2024-05-01 09:55:45] 
INFO [2024-05-01 09:55:45] $width
INFO [2024-05-01 09:55:45] width_val
INFO [2024-05-01 09:55:45] 
INFO [2024-05-01 09:55:45] $height
INFO [2024-05-01 09:55:45] height_val
INFO [2024-05-01 09:55:45] 
INFO [2024-05-01 09:55:45] $category.names
INFO [2024-05-01 09:55:45] InpLabels
INFO [2024-05-01 09:55:45] 
INFO [2024-05-01 09:55:45] $print.mode
INFO [2024-05-01 09:55:45] c("raw", "percent")
INFO [2024-05-01 09:55:45] 
INFO [2024-05-01 09:55:45] $fill
INFO [2024-05-01 09:55:45] fillcolors[1:length(InpFileList)]
INFO [2024-05-01 09:55:45] 
INFO [2024-05-01 09:55:45] $sigdigs
INFO [2024-05-01 09:55:45] [1] 3
INFO [2024-05-01 09:55:45] 
INFO [2024-05-01 09:55:45] $euler.d
INFO [2024-05-01 09:55:45] [1] FALSE
INFO [2024-05-01 09:55:45] 
INFO [2024-05-01 09:55:45] $scaled
INFO [2024-05-01 09:55:45] [1] FALSE
INFO [2024-05-01 09:55:45] 
INFO [2024-05-01 09:55:45] $cat.cex
INFO [2024-05-01 09:55:45] rep(0.8, length(InpFileList))
INFO [2024-05-01 09:55:45] 
