INFO [2024-05-01 10:12:09] [[1]]
INFO [2024-05-01 10:12:09] Ov_Idx_MergedRef
INFO [2024-05-01 10:12:09] 
INFO [2024-05-01 10:12:09] [[2]]
INFO [2024-05-01 10:12:09] vennPlotFile
INFO [2024-05-01 10:12:09] 
INFO [2024-05-01 10:12:09] $imagetype
INFO [2024-05-01 10:12:09] [1] "png"
INFO [2024-05-01 10:12:09] 
INFO [2024-05-01 10:12:09] $width
INFO [2024-05-01 10:12:09] width_val
INFO [2024-05-01 10:12:09] 
INFO [2024-05-01 10:12:09] $height
INFO [2024-05-01 10:12:09] height_val
INFO [2024-05-01 10:12:09] 
INFO [2024-05-01 10:12:09] $category.names
INFO [2024-05-01 10:12:09] InpLabels
INFO [2024-05-01 10:12:09] 
INFO [2024-05-01 10:12:09] $print.mode
INFO [2024-05-01 10:12:09] c("raw", "percent")
INFO [2024-05-01 10:12:09] 
INFO [2024-05-01 10:12:09] $fill
INFO [2024-05-01 10:12:09] fillcolors[1:length(InpFileList)]
INFO [2024-05-01 10:12:09] 
INFO [2024-05-01 10:12:09] $sigdigs
INFO [2024-05-01 10:12:09] [1] 3
INFO [2024-05-01 10:12:09] 
INFO [2024-05-01 10:12:09] $euler.d
INFO [2024-05-01 10:12:09] [1] FALSE
INFO [2024-05-01 10:12:09] 
INFO [2024-05-01 10:12:09] $scaled
INFO [2024-05-01 10:12:09] [1] FALSE
INFO [2024-05-01 10:12:09] 
INFO [2024-05-01 10:12:09] $cat.cex
INFO [2024-05-01 10:12:09] rep(0.8, length(InpFileList))
INFO [2024-05-01 10:12:09] 
