INFO [2024-05-01 10:15:31] [[1]]
INFO [2024-05-01 10:15:31] Ov_Idx_MergedRef
INFO [2024-05-01 10:15:31] 
INFO [2024-05-01 10:15:31] [[2]]
INFO [2024-05-01 10:15:31] vennPlotFile
INFO [2024-05-01 10:15:31] 
INFO [2024-05-01 10:15:31] $imagetype
INFO [2024-05-01 10:15:31] [1] "png"
INFO [2024-05-01 10:15:31] 
INFO [2024-05-01 10:15:31] $width
INFO [2024-05-01 10:15:31] width_val
INFO [2024-05-01 10:15:31] 
INFO [2024-05-01 10:15:31] $height
INFO [2024-05-01 10:15:31] height_val
INFO [2024-05-01 10:15:31] 
INFO [2024-05-01 10:15:31] $category.names
INFO [2024-05-01 10:15:31] InpLabels
INFO [2024-05-01 10:15:31] 
INFO [2024-05-01 10:15:31] $print.mode
INFO [2024-05-01 10:15:31] c("raw", "percent")
INFO [2024-05-01 10:15:31] 
INFO [2024-05-01 10:15:31] $fill
INFO [2024-05-01 10:15:31] fillcolors[1:length(InpFileList)]
INFO [2024-05-01 10:15:31] 
INFO [2024-05-01 10:15:31] $sigdigs
INFO [2024-05-01 10:15:31] [1] 3
INFO [2024-05-01 10:15:31] 
INFO [2024-05-01 10:15:31] $euler.d
INFO [2024-05-01 10:15:31] [1] FALSE
INFO [2024-05-01 10:15:31] 
INFO [2024-05-01 10:15:31] $scaled
INFO [2024-05-01 10:15:31] [1] FALSE
INFO [2024-05-01 10:15:31] 
INFO [2024-05-01 10:15:31] $cat.cex
INFO [2024-05-01 10:15:31] rep(0.8, length(InpFileList))
INFO [2024-05-01 10:15:31] 
