INFO [2024-05-01 09:18:42] [[1]]
INFO [2024-05-01 09:18:42] Ov_Idx_MergedRef
INFO [2024-05-01 09:18:42] 
INFO [2024-05-01 09:18:42] [[2]]
INFO [2024-05-01 09:18:42] vennPlotFile
INFO [2024-05-01 09:18:42] 
INFO [2024-05-01 09:18:42] $imagetype
INFO [2024-05-01 09:18:42] [1] "png"
INFO [2024-05-01 09:18:42] 
INFO [2024-05-01 09:18:42] $width
INFO [2024-05-01 09:18:42] width_val
INFO [2024-05-01 09:18:42] 
INFO [2024-05-01 09:18:42] $height
INFO [2024-05-01 09:18:42] height_val
INFO [2024-05-01 09:18:42] 
INFO [2024-05-01 09:18:42] $category.names
INFO [2024-05-01 09:18:42] InpLabels
INFO [2024-05-01 09:18:42] 
INFO [2024-05-01 09:18:42] $print.mode
INFO [2024-05-01 09:18:42] c("raw", "percent")
INFO [2024-05-01 09:18:42] 
INFO [2024-05-01 09:18:42] $fill
INFO [2024-05-01 09:18:42] fillcolors[1:length(InpFileList)]
INFO [2024-05-01 09:18:42] 
INFO [2024-05-01 09:18:42] $sigdigs
INFO [2024-05-01 09:18:42] [1] 3
INFO [2024-05-01 09:18:42] 
INFO [2024-05-01 09:18:42] $euler.d
INFO [2024-05-01 09:18:42] [1] FALSE
INFO [2024-05-01 09:18:42] 
INFO [2024-05-01 09:18:42] $scaled
INFO [2024-05-01 09:18:42] [1] FALSE
INFO [2024-05-01 09:18:42] 
INFO [2024-05-01 09:18:42] $cat.cex
INFO [2024-05-01 09:18:42] rep(0.8, length(InpFileList))
INFO [2024-05-01 09:18:42] 
