INFO [2024-05-01 09:32:39] [[1]]
INFO [2024-05-01 09:32:39] Ov_Idx_MergedRef
INFO [2024-05-01 09:32:39] 
INFO [2024-05-01 09:32:39] [[2]]
INFO [2024-05-01 09:32:39] vennPlotFile
INFO [2024-05-01 09:32:39] 
INFO [2024-05-01 09:32:39] $imagetype
INFO [2024-05-01 09:32:39] [1] "png"
INFO [2024-05-01 09:32:39] 
INFO [2024-05-01 09:32:39] $width
INFO [2024-05-01 09:32:39] width_val
INFO [2024-05-01 09:32:39] 
INFO [2024-05-01 09:32:39] $height
INFO [2024-05-01 09:32:39] height_val
INFO [2024-05-01 09:32:39] 
INFO [2024-05-01 09:32:39] $category.names
INFO [2024-05-01 09:32:39] InpLabels
INFO [2024-05-01 09:32:39] 
INFO [2024-05-01 09:32:39] $print.mode
INFO [2024-05-01 09:32:39] c("raw", "percent")
INFO [2024-05-01 09:32:39] 
INFO [2024-05-01 09:32:39] $fill
INFO [2024-05-01 09:32:39] fillcolors[1:length(InpFileList)]
INFO [2024-05-01 09:32:39] 
INFO [2024-05-01 09:32:39] $sigdigs
INFO [2024-05-01 09:32:39] [1] 3
INFO [2024-05-01 09:32:39] 
INFO [2024-05-01 09:32:39] $euler.d
INFO [2024-05-01 09:32:39] [1] FALSE
INFO [2024-05-01 09:32:39] 
INFO [2024-05-01 09:32:39] $scaled
INFO [2024-05-01 09:32:39] [1] FALSE
INFO [2024-05-01 09:32:39] 
INFO [2024-05-01 09:32:39] $cat.cex
INFO [2024-05-01 09:32:39] rep(0.8, length(InpFileList))
INFO [2024-05-01 09:32:39] 
