INFO [2024-05-01 09:21:36] [[1]]
INFO [2024-05-01 09:21:36] Ov_Idx_MergedRef
INFO [2024-05-01 09:21:36] 
INFO [2024-05-01 09:21:36] [[2]]
INFO [2024-05-01 09:21:36] vennPlotFile
INFO [2024-05-01 09:21:36] 
INFO [2024-05-01 09:21:36] $imagetype
INFO [2024-05-01 09:21:36] [1] "png"
INFO [2024-05-01 09:21:36] 
INFO [2024-05-01 09:21:36] $width
INFO [2024-05-01 09:21:36] width_val
INFO [2024-05-01 09:21:36] 
INFO [2024-05-01 09:21:36] $height
INFO [2024-05-01 09:21:36] height_val
INFO [2024-05-01 09:21:36] 
INFO [2024-05-01 09:21:36] $category.names
INFO [2024-05-01 09:21:36] InpLabels
INFO [2024-05-01 09:21:36] 
INFO [2024-05-01 09:21:36] $print.mode
INFO [2024-05-01 09:21:36] c("raw", "percent")
INFO [2024-05-01 09:21:36] 
INFO [2024-05-01 09:21:36] $fill
INFO [2024-05-01 09:21:36] fillcolors[1:length(InpFileList)]
INFO [2024-05-01 09:21:36] 
INFO [2024-05-01 09:21:36] $sigdigs
INFO [2024-05-01 09:21:36] [1] 3
INFO [2024-05-01 09:21:36] 
INFO [2024-05-01 09:21:36] $euler.d
INFO [2024-05-01 09:21:36] [1] FALSE
INFO [2024-05-01 09:21:36] 
INFO [2024-05-01 09:21:36] $scaled
INFO [2024-05-01 09:21:36] [1] FALSE
INFO [2024-05-01 09:21:36] 
INFO [2024-05-01 09:21:36] $cat.cex
INFO [2024-05-01 09:21:36] rep(0.8, length(InpFileList))
INFO [2024-05-01 09:21:36] 
