INFO [2024-05-01 10:39:41] [[1]]
INFO [2024-05-01 10:39:41] Ov_Idx_MergedRef
INFO [2024-05-01 10:39:41] 
INFO [2024-05-01 10:39:41] [[2]]
INFO [2024-05-01 10:39:41] vennPlotFile
INFO [2024-05-01 10:39:41] 
INFO [2024-05-01 10:39:41] $imagetype
INFO [2024-05-01 10:39:41] [1] "png"
INFO [2024-05-01 10:39:41] 
INFO [2024-05-01 10:39:41] $width
INFO [2024-05-01 10:39:41] width_val
INFO [2024-05-01 10:39:41] 
INFO [2024-05-01 10:39:41] $height
INFO [2024-05-01 10:39:41] height_val
INFO [2024-05-01 10:39:41] 
INFO [2024-05-01 10:39:41] $category.names
INFO [2024-05-01 10:39:41] InpLabels
INFO [2024-05-01 10:39:41] 
INFO [2024-05-01 10:39:41] $print.mode
INFO [2024-05-01 10:39:41] c("raw", "percent")
INFO [2024-05-01 10:39:41] 
INFO [2024-05-01 10:39:41] $fill
INFO [2024-05-01 10:39:41] fillcolors[1:length(InpFileList)]
INFO [2024-05-01 10:39:41] 
INFO [2024-05-01 10:39:41] $sigdigs
INFO [2024-05-01 10:39:41] [1] 3
INFO [2024-05-01 10:39:41] 
INFO [2024-05-01 10:39:41] $euler.d
INFO [2024-05-01 10:39:41] [1] FALSE
INFO [2024-05-01 10:39:41] 
INFO [2024-05-01 10:39:41] $scaled
INFO [2024-05-01 10:39:41] [1] FALSE
INFO [2024-05-01 10:39:41] 
INFO [2024-05-01 10:39:41] $cat.cex
INFO [2024-05-01 10:39:41] rep(0.8, length(InpFileList))
INFO [2024-05-01 10:39:41] 
