INFO [2024-05-01 09:24:53] [[1]]
INFO [2024-05-01 09:24:53] Ov_Idx_MergedRef
INFO [2024-05-01 09:24:53] 
INFO [2024-05-01 09:24:53] [[2]]
INFO [2024-05-01 09:24:53] vennPlotFile
INFO [2024-05-01 09:24:53] 
INFO [2024-05-01 09:24:53] $imagetype
INFO [2024-05-01 09:24:53] [1] "png"
INFO [2024-05-01 09:24:53] 
INFO [2024-05-01 09:24:53] $width
INFO [2024-05-01 09:24:53] width_val
INFO [2024-05-01 09:24:53] 
INFO [2024-05-01 09:24:53] $height
INFO [2024-05-01 09:24:53] height_val
INFO [2024-05-01 09:24:53] 
INFO [2024-05-01 09:24:53] $category.names
INFO [2024-05-01 09:24:53] InpLabels
INFO [2024-05-01 09:24:53] 
INFO [2024-05-01 09:24:53] $print.mode
INFO [2024-05-01 09:24:53] c("raw", "percent")
INFO [2024-05-01 09:24:53] 
INFO [2024-05-01 09:24:53] $fill
INFO [2024-05-01 09:24:53] fillcolors[1:length(InpFileList)]
INFO [2024-05-01 09:24:53] 
INFO [2024-05-01 09:24:53] $sigdigs
INFO [2024-05-01 09:24:53] [1] 3
INFO [2024-05-01 09:24:53] 
INFO [2024-05-01 09:24:53] $euler.d
INFO [2024-05-01 09:24:53] [1] FALSE
INFO [2024-05-01 09:24:53] 
INFO [2024-05-01 09:24:53] $scaled
INFO [2024-05-01 09:24:53] [1] FALSE
INFO [2024-05-01 09:24:53] 
INFO [2024-05-01 09:24:53] $cat.cex
INFO [2024-05-01 09:24:53] rep(0.8, length(InpFileList))
INFO [2024-05-01 09:24:53] 
