INFO [2024-05-01 09:17:20] [[1]]
INFO [2024-05-01 09:17:20] Ov_Idx_MergedRef
INFO [2024-05-01 09:17:20] 
INFO [2024-05-01 09:17:20] [[2]]
INFO [2024-05-01 09:17:20] vennPlotFile
INFO [2024-05-01 09:17:20] 
INFO [2024-05-01 09:17:20] $imagetype
INFO [2024-05-01 09:17:20] [1] "png"
INFO [2024-05-01 09:17:20] 
INFO [2024-05-01 09:17:20] $width
INFO [2024-05-01 09:17:20] width_val
INFO [2024-05-01 09:17:20] 
INFO [2024-05-01 09:17:20] $height
INFO [2024-05-01 09:17:20] height_val
INFO [2024-05-01 09:17:20] 
INFO [2024-05-01 09:17:20] $category.names
INFO [2024-05-01 09:17:20] InpLabels
INFO [2024-05-01 09:17:20] 
INFO [2024-05-01 09:17:20] $print.mode
INFO [2024-05-01 09:17:20] c("raw", "percent")
INFO [2024-05-01 09:17:20] 
INFO [2024-05-01 09:17:20] $fill
INFO [2024-05-01 09:17:20] fillcolors[1:length(InpFileList)]
INFO [2024-05-01 09:17:20] 
INFO [2024-05-01 09:17:20] $sigdigs
INFO [2024-05-01 09:17:20] [1] 3
INFO [2024-05-01 09:17:20] 
INFO [2024-05-01 09:17:20] $euler.d
INFO [2024-05-01 09:17:20] [1] FALSE
INFO [2024-05-01 09:17:20] 
INFO [2024-05-01 09:17:20] $scaled
INFO [2024-05-01 09:17:20] [1] FALSE
INFO [2024-05-01 09:17:20] 
INFO [2024-05-01 09:17:20] $cat.cex
INFO [2024-05-01 09:17:20] rep(0.8, length(InpFileList))
INFO [2024-05-01 09:17:20] 
