INFO [2024-05-01 09:19:13] [[1]]
INFO [2024-05-01 09:19:13] Ov_Idx_MergedRef
INFO [2024-05-01 09:19:13] 
INFO [2024-05-01 09:19:13] [[2]]
INFO [2024-05-01 09:19:13] vennPlotFile
INFO [2024-05-01 09:19:13] 
INFO [2024-05-01 09:19:13] $imagetype
INFO [2024-05-01 09:19:13] [1] "png"
INFO [2024-05-01 09:19:13] 
INFO [2024-05-01 09:19:13] $width
INFO [2024-05-01 09:19:13] width_val
INFO [2024-05-01 09:19:13] 
INFO [2024-05-01 09:19:13] $height
INFO [2024-05-01 09:19:13] height_val
INFO [2024-05-01 09:19:13] 
INFO [2024-05-01 09:19:13] $category.names
INFO [2024-05-01 09:19:13] InpLabels
INFO [2024-05-01 09:19:13] 
INFO [2024-05-01 09:19:13] $print.mode
INFO [2024-05-01 09:19:13] c("raw", "percent")
INFO [2024-05-01 09:19:13] 
INFO [2024-05-01 09:19:13] $fill
INFO [2024-05-01 09:19:13] fillcolors[1:length(InpFileList)]
INFO [2024-05-01 09:19:13] 
INFO [2024-05-01 09:19:13] $sigdigs
INFO [2024-05-01 09:19:13] [1] 3
INFO [2024-05-01 09:19:13] 
INFO [2024-05-01 09:19:13] $euler.d
INFO [2024-05-01 09:19:13] [1] FALSE
INFO [2024-05-01 09:19:13] 
INFO [2024-05-01 09:19:13] $scaled
INFO [2024-05-01 09:19:13] [1] FALSE
INFO [2024-05-01 09:19:13] 
INFO [2024-05-01 09:19:13] $cat.cex
INFO [2024-05-01 09:19:13] rep(0.8, length(InpFileList))
INFO [2024-05-01 09:19:13] 
