INFO [2024-05-01 09:31:59] [[1]]
INFO [2024-05-01 09:31:59] Ov_Idx_MergedRef
INFO [2024-05-01 09:31:59] 
INFO [2024-05-01 09:31:59] [[2]]
INFO [2024-05-01 09:31:59] vennPlotFile
INFO [2024-05-01 09:31:59] 
INFO [2024-05-01 09:31:59] $imagetype
INFO [2024-05-01 09:31:59] [1] "png"
INFO [2024-05-01 09:31:59] 
INFO [2024-05-01 09:31:59] $width
INFO [2024-05-01 09:31:59] width_val
INFO [2024-05-01 09:31:59] 
INFO [2024-05-01 09:31:59] $height
INFO [2024-05-01 09:31:59] height_val
INFO [2024-05-01 09:31:59] 
INFO [2024-05-01 09:31:59] $category.names
INFO [2024-05-01 09:31:59] InpLabels
INFO [2024-05-01 09:31:59] 
INFO [2024-05-01 09:31:59] $print.mode
INFO [2024-05-01 09:31:59] c("raw", "percent")
INFO [2024-05-01 09:31:59] 
INFO [2024-05-01 09:31:59] $fill
INFO [2024-05-01 09:31:59] fillcolors[1:length(InpFileList)]
INFO [2024-05-01 09:31:59] 
INFO [2024-05-01 09:31:59] $sigdigs
INFO [2024-05-01 09:31:59] [1] 3
INFO [2024-05-01 09:31:59] 
INFO [2024-05-01 09:31:59] $euler.d
INFO [2024-05-01 09:31:59] [1] FALSE
INFO [2024-05-01 09:31:59] 
INFO [2024-05-01 09:31:59] $scaled
INFO [2024-05-01 09:31:59] [1] FALSE
INFO [2024-05-01 09:31:59] 
INFO [2024-05-01 09:31:59] $cat.cex
INFO [2024-05-01 09:31:59] rep(0.8, length(InpFileList))
INFO [2024-05-01 09:31:59] 
